<?xml version="1.0" encoding="UTF-8"?>
<robot generator="Robot 7.0 (Python 3.10.12 on linux)" generated="2024-04-03T20:12:25.770082" rpa="false" schemaversion="5">
<suite id="s1" name="Tests" source="/home/runner/work/ApiJsonPlaceHolder_RobotFrameWork/ApiJsonPlaceHolder_RobotFrameWork/tests">
<suite id="s1-s1" name="apiJsonPlaceholder" source="/home/runner/work/ApiJsonPlaceHolder_RobotFrameWork/ApiJsonPlaceHolder_RobotFrameWork/tests/apiJsonPlaceholder.robot">
<test id="s1-s1-t1" name="Scenario: Validate if the emails in the comments are properly formatted" line="10">
<kw name="Create Session" owner="RequestsLibrary" type="SETUP">
<msg time="2024-04-03T20:12:25.843553" level="INFO">Creating Session using : alias=jsonplaceholder, url=https://jsonplaceholder.typicode.com, headers={},                     cookies={}, auth=None, timeout=None, proxies=None, verify=True,                     debug=0 </msg>
<arg>jsonplaceholder</arg>
<arg>https://jsonplaceholder.typicode.com</arg>
<arg>verify=true</arg>
<doc>Create Session: create a HTTP session to a server</doc>
<status status="PASS" start="2024-04-03T20:12:25.843386" elapsed="0.000324"/>
</kw>
<kw name="Given that I search for the username &quot;Delphine&quot;" owner="apiJsonPlaceholder_steps" source_name="that I search for the username &quot;${user}&quot;">
<kw name="GetUser ${user}" owner="apiJsonPlaceholder" source_name="GetUser ${user}">
<kw name="GET On Session" owner="RequestsLibrary">
<msg time="2024-04-03T20:12:25.956432" level="INFO">GET Request : url=https://jsonplaceholder.typicode.com/users?username=Delphine 
 path_url=/users?username=Delphine 
 headers={'User-Agent': 'python-requests/2.25.1', 'Accept-Encoding': 'gzip, deflate', 'Accept': '*/*', 'Connection': 'keep-alive'} 
 body=None 
 </msg>
<msg time="2024-04-03T20:12:25.956578" level="INFO">GET Response : url=https://jsonplaceholder.typicode.com/users?username=Delphine 
 status=200, reason=OK 
 headers={'Date': 'Wed, 03 Apr 2024 20:12:25 GMT', 'Content-Type': 'application/json; charset=utf-8', 'Transfer-Encoding': 'chunked', 'Connection': 'keep-alive', 'Report-To': '{"group":"heroku-nel","max_age":3600,"endpoints":[{"url":"https://nel.heroku.com/reports?ts=1712175145&amp;sid=e11707d5-02a7-43ef-b45e-2cf4d2036f7d&amp;s=VfF4Yvcs5%2FjxJDnmLHwboAOPtTy4IjuG7vUJqO7o1l0%3D"}]}', 'Reporting-Endpoints': 'heroku-nel=https://nel.heroku.com/reports?ts=1712175145&amp;sid=e11707d5-02a7-43ef-b45e-2cf4d2036f7d&amp;s=VfF4Yvcs5%2FjxJDnmLHwboAOPtTy4IjuG7vUJqO7o1l0%3D', 'Nel': '{"report_to":"heroku-nel","max_age":3600,"success_fraction":0.005,"failure_fraction":0.05,"response_headers":["Via"]}', 'X-Powered-By': 'Express', 'X-Ratelimit-Limit': '1000', 'X-Ratelimit-Remaining': '999', 'X-Ratelimit-Reset': '1712175203', 'Vary': 'Origin, Accept-Encoding', 'Access-Control-Allow-Credentials': 'true', 'Cache-Control': 'max-age=43200', 'Pragma': 'no-cache', 'Expires': '-1', 'X-Content-Type-Options': 'nosniff', 'Etag': 'W/"23d-EKDCRFg7oh6G4KjjoWlynBpL2AY"', 'Via': '1.1 vegur', 'CF-Cache-Status': 'MISS', 'Server': 'cloudflare', 'CF-RAY': '86ebb6a5ee5b426a-EWR', 'Content-Encoding': 'gzip', 'alt-svc': 'h3=":443"; ma=86400'} 
 body=[
  {
    "id": 9,
    "name": "Glenna Reichert",
    "username": "Delphine",
    "email": "Chaim_McDermott@dana.io",
    "address": {
      "street": "Dayna Park",
      "suite": "Suite 449",
      "city": "Bartholomebury",
      "zipcode": "76495-3109",
      "geo": {
        "lat": "24.6463",
        "lng": "-168.8889"
      }
    },
    "phone": "(775)976-6794 x41206",
    "website": "conrad.com",
    "company": {
      "name": "Yost and Sons",
      "catchPhrase": "Switchable contextually-based project",
      "bs": "aggregate real-time technologies"
    }
  }
] 
 </msg>
<msg time="2024-04-03T20:12:25.956706" level="INFO">${response} = &lt;Response [200]&gt;</msg>
<var>${response}</var>
<arg>jsonplaceholder</arg>
<arg>/users?username\=${user}</arg>
<doc>Sends a GET request on a previously created HTTP Session.</doc>
<status status="PASS" start="2024-04-03T20:12:25.844573" elapsed="0.112160"/>
</kw>
<kw name="Should Be Equal As Numbers" owner="BuiltIn">
<msg time="2024-04-03T20:12:25.957285" level="INFO">Argument types are:
&lt;class 'int'&gt;
&lt;class 'str'&gt;</msg>
<arg>${response.status_code}</arg>
<arg>200</arg>
<doc>Fails if objects are unequal after converting them to real numbers.</doc>
<status status="PASS" start="2024-04-03T20:12:25.956875" elapsed="0.000472"/>
</kw>
<return>
<value>${response.json()}</value>
<status status="PASS" start="2024-04-03T20:12:25.957400" elapsed="0.000043"/>
</return>
<msg time="2024-04-03T20:12:25.957817" level="INFO">${response} = [{'id': 9, 'name': 'Glenna Reichert', 'username': 'Delphine', 'email': 'Chaim_McDermott@dana.io', 'address': {'street': 'Dayna Park', 'suite': 'Suite 449', 'city': 'Bartholomebury', 'zipcode': '76495-...</msg>
<var>${response}</var>
<status status="PASS" start="2024-04-03T20:12:25.844253" elapsed="0.113588"/>
</kw>
<kw name="Set Test Variable" owner="BuiltIn">
<msg time="2024-04-03T20:12:25.958143" level="INFO">${response} = [{'id': 9, 'name': 'Glenna Reichert', 'username': 'Delphine', 'email': 'Chaim_McDermott@dana.io', 'address': {'street': 'Dayna Park', 'suite': 'Suite 449', 'city': 'Bartholomebury', 'zipcode': '76495-...</msg>
<arg>${response}</arg>
<doc>Makes a variable available everywhere within the scope of the current test.</doc>
<status status="PASS" start="2024-04-03T20:12:25.957957" elapsed="0.000222"/>
</kw>
<status status="PASS" start="2024-04-03T20:12:25.843956" elapsed="0.114274"/>
</kw>
<kw name="When I use the id fetched to search for the posts written by the user" owner="apiJsonPlaceholder_steps">
<kw name="Set Variable" owner="BuiltIn">
<msg time="2024-04-03T20:12:25.958787" level="INFO">${id} = 9</msg>
<var>${id}</var>
<arg>${response}[0][id]</arg>
<doc>Returns the given values which can then be assigned to a variables.</doc>
<status status="PASS" start="2024-04-03T20:12:25.958637" elapsed="0.000171"/>
</kw>
<kw name="GetUserPosts ${id}" owner="apiJsonPlaceholder" source_name="GetUserPosts ${userId}">
<kw name="GET On Session" owner="RequestsLibrary">
<msg time="2024-04-03T20:12:26.013304" level="INFO">GET Request : url=https://jsonplaceholder.typicode.com/posts?userId=9 
 path_url=/posts?userId=9 
 headers={'User-Agent': 'python-requests/2.25.1', 'Accept-Encoding': 'gzip, deflate', 'Accept': '*/*', 'Connection': 'keep-alive'} 
 body=None 
 </msg>
<msg time="2024-04-03T20:12:26.013388" level="INFO">GET Response : url=https://jsonplaceholder.typicode.com/posts?userId=9 
 status=200, reason=OK 
 headers={'Date': 'Wed, 03 Apr 2024 20:12:26 GMT', 'Content-Type': 'application/json; charset=utf-8', 'Transfer-Encoding': 'chunked', 'Connection': 'keep-alive', 'Report-To': '{"group":"heroku-nel","max_age":3600,"endpoints":[{"url":"https://nel.heroku.com/reports?ts=1712175145&amp;sid=e11707d5-02a7-43ef-b45e-2cf4d2036f7d&amp;s=VfF4Yvcs5%2FjxJDnmLHwboAOPtTy4IjuG7vUJqO7o1l0%3D"}]}', 'Reporting-Endpoints': 'heroku-nel=https://nel.heroku.com/reports?ts=1712175145&amp;sid=e11707d5-02a7-43ef-b45e-2cf4d2036f7d&amp;s=VfF4Yvcs5%2FjxJDnmLHwboAOPtTy4IjuG7vUJqO7o1l0%3D', 'Nel': '{"report_to":"heroku-nel","max_age":3600,"success_fraction":0.005,"failure_fraction":0.05,"response_headers":["Via"]}', 'X-Powered-By': 'Express', 'X-Ratelimit-Limit': '1000', 'X-Ratelimit-Remaining': '998', 'X-Ratelimit-Reset': '1712175203', 'Vary': 'Origin, Accept-Encoding', 'Access-Control-Allow-Credentials': 'true', 'Cache-Control': 'max-age=43200', 'Pragma': 'no-cache', 'Expires': '-1', 'X-Content-Type-Options': 'nosniff', 'Etag': 'W/"aa1-7w0ImWAnFGRWG4ZRQUECVBaSqRo"', 'Content-Encoding': 'gzip', 'Via': '1.1 vegur', 'CF-Cache-Status': 'MISS', 'Server': 'cloudflare', 'CF-RAY': '86ebb6a64ee9426a-EWR', 'alt-svc': 'h3=":443"; ma=86400'} 
 body=[
  {
    "userId": 9,
    "id": 81,
    "title": "tempora rem veritatis voluptas quo dolores vero",
    "body": "facere qui nesciunt est voluptatum voluptatem nisi\nsequi eligendi necessitatibus ea at rerum itaque\nharum non ratione velit laboriosam quis consequuntur\nex officiis minima doloremque voluptas ut aut"
  },
  {
    "userId": 9,
    "id": 82,
    "title": "laudantium voluptate suscipit sunt enim enim",
    "body": "ut libero sit aut totam inventore sunt\nporro sint qui sunt molestiae\nconsequatur cupiditate qui iste ducimus adipisci\ndolor enim assumenda soluta laboriosam amet iste delectus hic"
  },
  {
    "userId": 9,
    "id": 83,
    "title": "odit et voluptates doloribus alias odio et",
    "body": "est molestiae facilis quis tempora numquam nihil qui\nvoluptate sapiente consequatur est qui\nnecessitatibus autem aut ipsa aperiam modi dolore numquam\nreprehenderit eius rem quibusdam"
  },
  {
    "userId": 9,
    "id": 84,
    "title": "optio ipsam molestias necessitatibus occaecati facilis veritatis dolores aut",
    "body": "sint molestiae magni a et quos\neaque et quasi\nut rerum debitis similique veniam\nrecusandae dignissimos dolor incidunt consequatur odio"
  },
  {
    "userId": 9,
    "id": 85,
    "title": "dolore veritatis porro provident adipisci blanditiis et sunt",
    "body": "similique sed nisi voluptas iusto omnis\nmollitia et quo\nassumenda suscipit officia magnam sint sed tempora\nenim provident pariatur praesentium atque animi amet ratione"
  },
  {
    "userId": 9,
    "id": 86,
    "title": "placeat quia et porro iste",
    "body": "quasi excepturi consequatur iste autem temporibus sed molestiae beatae\net quaerat et esse ut\nvoluptatem occaecati et vel explicabo autem\nasperiores pariatur deserunt optio"
  },
  {
    "userId": 9,
    "id": 87,
    "title": "nostrum quis quasi placeat",
    "body": "eos et molestiae\nnesciunt ut a\ndolores perspiciatis repellendus repellat aliquid\nmagnam sint rem ipsum est"
  },
  {
    "userId": 9,
    "id": 88,
    "title": "sapiente omnis fugit eos",
    "body": "consequatur omnis est praesentium\nducimus non iste\nneque hic deserunt\nvoluptatibus veniam cum et rerum sed"
  },
  {
    "userId": 9,
    "id": 89,
    "title": "sint soluta et vel magnam aut ut sed qui",
    "body": "repellat aut aperiam totam temporibus autem et\narchitecto magnam ut\nconsequatur qui cupiditate rerum quia soluta dignissimos nihil iure\ntempore quas est"
  },
  {
    "userId": 9,
    "id": 90,
    "title": "ad iusto omnis odit dolor voluptatibus",
    "body": "minus omnis soluta quia\nqui sed adipisci voluptates illum ipsam voluptatem\neligendi officia ut in\neos soluta similique molestias praesentium blanditiis"
  }
] 
 </msg>
<msg time="2024-04-03T20:12:26.013558" level="INFO">${allPosts} = &lt;Response [200]&gt;</msg>
<var>${allPosts}</var>
<arg>jsonplaceholder</arg>
<arg>/posts?userId\=${userId}</arg>
<doc>Sends a GET request on a previously created HTTP Session.</doc>
<status status="PASS" start="2024-04-03T20:12:25.959276" elapsed="0.054312"/>
</kw>
<for flavor="IN">
<iter>
<kw name="Should Be Equal As Strings" owner="BuiltIn">
<arg>${post}[userId]</arg>
<arg>${userId}</arg>
<doc>Fails if objects are unequal after converting them to strings.</doc>
<status status="PASS" start="2024-04-03T20:12:26.014260" elapsed="0.000185"/>
</kw>
<var name="${post}">{'userId': 9, 'id': 81, 'title': 'tempora rem veritatis voluptas quo dolores vero', 'body': 'facere qui nesciunt est voluptatum voluptatem nisi\nsequi eligendi necessitatibus ea at rerum itaque\nharum...</var>
<status status="PASS" start="2024-04-03T20:12:26.014164" elapsed="0.000318"/>
</iter>
<iter>
<kw name="Should Be Equal As Strings" owner="BuiltIn">
<arg>${post}[userId]</arg>
<arg>${userId}</arg>
<doc>Fails if objects are unequal after converting them to strings.</doc>
<status status="PASS" start="2024-04-03T20:12:26.014643" elapsed="0.000184"/>
</kw>
<var name="${post}">{'userId': 9, 'id': 82, 'title': 'laudantium voluptate suscipit sunt enim enim', 'body': 'ut libero sit aut totam inventore sunt\nporro sint qui sunt molestiae\nconsequatur cupiditate qui iste ducimus...</var>
<status status="PASS" start="2024-04-03T20:12:26.014563" elapsed="0.000302"/>
</iter>
<iter>
<kw name="Should Be Equal As Strings" owner="BuiltIn">
<arg>${post}[userId]</arg>
<arg>${userId}</arg>
<doc>Fails if objects are unequal after converting them to strings.</doc>
<status status="PASS" start="2024-04-03T20:12:26.015058" elapsed="0.000189"/>
</kw>
<var name="${post}">{'userId': 9, 'id': 83, 'title': 'odit et voluptates doloribus alias odio et', 'body': 'est molestiae facilis quis tempora numquam nihil qui\nvoluptate sapiente consequatur est qui\nnecessitatibus aut...</var>
<status status="PASS" start="2024-04-03T20:12:26.014972" elapsed="0.000312"/>
</iter>
<iter>
<kw name="Should Be Equal As Strings" owner="BuiltIn">
<arg>${post}[userId]</arg>
<arg>${userId}</arg>
<doc>Fails if objects are unequal after converting them to strings.</doc>
<status status="PASS" start="2024-04-03T20:12:26.015447" elapsed="0.000166"/>
</kw>
<var name="${post}">{'userId': 9, 'id': 84, 'title': 'optio ipsam molestias necessitatibus occaecati facilis veritatis dolores aut', 'body': 'sint molestiae magni a et quos\neaque et quasi\nut rerum debitis similique ven...</var>
<status status="PASS" start="2024-04-03T20:12:26.015366" elapsed="0.000280"/>
</iter>
<iter>
<kw name="Should Be Equal As Strings" owner="BuiltIn">
<arg>${post}[userId]</arg>
<arg>${userId}</arg>
<doc>Fails if objects are unequal after converting them to strings.</doc>
<status status="PASS" start="2024-04-03T20:12:26.015795" elapsed="0.000162"/>
</kw>
<var name="${post}">{'userId': 9, 'id': 85, 'title': 'dolore veritatis porro provident adipisci blanditiis et sunt', 'body': 'similique sed nisi voluptas iusto omnis\nmollitia et quo\nassumenda suscipit officia magnam si...</var>
<status status="PASS" start="2024-04-03T20:12:26.015717" elapsed="0.000273"/>
</iter>
<iter>
<kw name="Should Be Equal As Strings" owner="BuiltIn">
<arg>${post}[userId]</arg>
<arg>${userId}</arg>
<doc>Fails if objects are unequal after converting them to strings.</doc>
<status status="PASS" start="2024-04-03T20:12:26.016138" elapsed="0.000249"/>
</kw>
<var name="${post}">{'userId': 9, 'id': 86, 'title': 'placeat quia et porro iste', 'body': 'quasi excepturi consequatur iste autem temporibus sed molestiae beatae\net quaerat et esse ut\nvoluptatem occaecati et vel expli...</var>
<status status="PASS" start="2024-04-03T20:12:26.016064" elapsed="0.000359"/>
</iter>
<iter>
<kw name="Should Be Equal As Strings" owner="BuiltIn">
<arg>${post}[userId]</arg>
<arg>${userId}</arg>
<doc>Fails if objects are unequal after converting them to strings.</doc>
<status status="PASS" start="2024-04-03T20:12:26.016572" elapsed="0.000161"/>
</kw>
<var name="${post}">{'userId': 9, 'id': 87, 'title': 'nostrum quis quasi placeat', 'body': 'eos et molestiae\nnesciunt ut a\ndolores perspiciatis repellendus repellat aliquid\nmagnam sint rem ipsum est'}</var>
<status status="PASS" start="2024-04-03T20:12:26.016496" elapsed="0.000270"/>
</iter>
<iter>
<kw name="Should Be Equal As Strings" owner="BuiltIn">
<arg>${post}[userId]</arg>
<arg>${userId}</arg>
<doc>Fails if objects are unequal after converting them to strings.</doc>
<status status="PASS" start="2024-04-03T20:12:26.016947" elapsed="0.000163"/>
</kw>
<var name="${post}">{'userId': 9, 'id': 88, 'title': 'sapiente omnis fugit eos', 'body': 'consequatur omnis est praesentium\nducimus non iste\nneque hic deserunt\nvoluptatibus veniam cum et rerum sed'}</var>
<status status="PASS" start="2024-04-03T20:12:26.016871" elapsed="0.000272"/>
</iter>
<iter>
<kw name="Should Be Equal As Strings" owner="BuiltIn">
<arg>${post}[userId]</arg>
<arg>${userId}</arg>
<doc>Fails if objects are unequal after converting them to strings.</doc>
<status status="PASS" start="2024-04-03T20:12:26.017286" elapsed="0.000155"/>
</kw>
<var name="${post}">{'userId': 9, 'id': 89, 'title': 'sint soluta et vel magnam aut ut sed qui', 'body': 'repellat aut aperiam totam temporibus autem et\narchitecto magnam ut\nconsequatur qui cupiditate rerum quia soluta...</var>
<status status="PASS" start="2024-04-03T20:12:26.017213" elapsed="0.000260"/>
</iter>
<iter>
<kw name="Should Be Equal As Strings" owner="BuiltIn">
<arg>${post}[userId]</arg>
<arg>${userId}</arg>
<doc>Fails if objects are unequal after converting them to strings.</doc>
<status status="PASS" start="2024-04-03T20:12:26.017613" elapsed="0.000153"/>
</kw>
<var name="${post}">{'userId': 9, 'id': 90, 'title': 'ad iusto omnis odit dolor voluptatibus', 'body': 'minus omnis soluta quia\nqui sed adipisci voluptates illum ipsam voluptatem\neligendi officia ut in\neos soluta simi...</var>
<status status="PASS" start="2024-04-03T20:12:26.017541" elapsed="0.000256"/>
</iter>
<var>${post}</var>
<value>@{allPosts.json()}</value>
<status status="PASS" start="2024-04-03T20:12:26.013671" elapsed="0.004148"/>
</for>
<return>
<value>${allPosts}</value>
<status status="PASS" start="2024-04-03T20:12:26.017854" elapsed="0.000021"/>
</return>
<msg time="2024-04-03T20:12:26.017977" level="INFO">${allPosts} = &lt;Response [200]&gt;</msg>
<var>${allPosts}</var>
<status status="PASS" start="2024-04-03T20:12:25.959010" elapsed="0.058993"/>
</kw>
<kw name="Set Test Variable" owner="BuiltIn">
<msg time="2024-04-03T20:12:26.018246" level="INFO">${allPosts} = &lt;Response [200]&gt;</msg>
<arg>${allPosts}</arg>
<doc>Makes a variable available everywhere within the scope of the current test.</doc>
<status status="PASS" start="2024-04-03T20:12:26.018098" elapsed="0.000181"/>
</kw>
<status status="PASS" start="2024-04-03T20:12:25.958413" elapsed="0.059913"/>
</kw>
<kw name="Then I validate if the emails in the comment section are in the proper format" owner="apiJsonPlaceholder_steps">
<kw name="Get post Coments emails ${allPosts}" owner="apiJsonPlaceholder" source_name="Get post Coments ${postId}">
<kw name="GET On Session" owner="RequestsLibrary">
<msg time="2024-04-03T20:12:26.070863" level="INFO">GET Request : url=https://jsonplaceholder.typicode.com/comments?postId=emails%20%3CResponse%20%5B200%5D%3E 
 path_url=/comments?postId=emails%20%3CResponse%20%5B200%5D%3E 
 headers={'User-Agent': 'python-requests/2.25.1', 'Accept-Encoding': 'gzip, deflate', 'Accept': '*/*', 'Connection': 'keep-alive'} 
 body=None 
 </msg>
<msg time="2024-04-03T20:12:26.070980" level="INFO">GET Response : url=https://jsonplaceholder.typicode.com/comments?postId=emails%20%3CResponse%20%5B200%5D%3E 
 status=200, reason=OK 
 headers={'Date': 'Wed, 03 Apr 2024 20:12:26 GMT', 'Content-Type': 'application/json; charset=utf-8', 'Content-Length': '2', 'Connection': 'keep-alive', 'Report-To': '{"group":"heroku-nel","max_age":3600,"endpoints":[{"url":"https://nel.heroku.com/reports?ts=1712175146&amp;sid=e11707d5-02a7-43ef-b45e-2cf4d2036f7d&amp;s=Up%2BaE%2F4lsU8sbTiLvjbW%2Bu3drDL2LgmGGlReZw3JgHs%3D"}]}', 'Reporting-Endpoints': 'heroku-nel=https://nel.heroku.com/reports?ts=1712175146&amp;sid=e11707d5-02a7-43ef-b45e-2cf4d2036f7d&amp;s=Up%2BaE%2F4lsU8sbTiLvjbW%2Bu3drDL2LgmGGlReZw3JgHs%3D', 'Nel': '{"report_to":"heroku-nel","max_age":3600,"success_fraction":0.005,"failure_fraction":0.05,"response_headers":["Via"]}', 'X-Powered-By': 'Express', 'X-Ratelimit-Limit': '1000', 'X-Ratelimit-Remaining': '997', 'X-Ratelimit-Reset': '1712175203', 'Vary': 'Origin, Accept-Encoding', 'Access-Control-Allow-Credentials': 'true', 'Cache-Control': 'max-age=43200', 'Pragma': 'no-cache', 'Expires': '-1', 'X-Content-Type-Options': 'nosniff', 'Etag': 'W/"2-l9Fw4VUO7kr8CvBlt4zaMCqXZ0w"', 'Via': '1.1 vegur', 'CF-Cache-Status': 'MISS', 'Accept-Ranges': 'bytes', 'Server': 'cloudflare', 'CF-RAY': '86ebb6a6af81426a-EWR', 'alt-svc': 'h3=":443"; ma=86400'} 
 body=[] 
 </msg>
<msg time="2024-04-03T20:12:26.071103" level="INFO">${response} = &lt;Response [200]&gt;</msg>
<var>${response}</var>
<arg>jsonplaceholder</arg>
<arg>/comments?postId\=${postId}</arg>
<doc>Sends a GET request on a previously created HTTP Session.</doc>
<status status="PASS" start="2024-04-03T20:12:26.019102" elapsed="0.052030"/>
</kw>
<for flavor="IN">
<iter>
<kw name="Get Regexp Matches" owner="String">
<var>${result}</var>
<arg>${eachComent}[email]</arg>
<arg>^\\w+([\\.-]?\\w+)*@\\w+([\\.-]?\\w+)*(\\.\\w{2,3})+$</arg>
<doc>Returns a list of all non-overlapping matches in the given string.</doc>
<status status="NOT RUN" start="2024-04-03T20:12:26.071711" elapsed="0.000019"/>
</kw>
<if>
<branch type="IF" condition="not ${result}">
<kw name="Log To Console" owner="BuiltIn">
<arg>WARNING!! The Email ${eachComent}[email] From comment ID No. ${postId} is not a valid Email..."</arg>
<doc>Logs the given message to the console.</doc>
<status status="NOT RUN" start="2024-04-03T20:12:26.071911" elapsed="0.000016"/>
</kw>
<status status="NOT RUN" start="2024-04-03T20:12:26.071810" elapsed="0.000147"/>
</branch>
<status status="NOT RUN" start="2024-04-03T20:12:26.071792" elapsed="0.000186"/>
</if>
<var name="${eachComent}"/>
<status status="NOT RUN" start="2024-04-03T20:12:26.071615" elapsed="0.000383"/>
</iter>
<var>${eachComent}</var>
<value>@{response.json()}</value>
<status status="NOT RUN" start="2024-04-03T20:12:26.071212" elapsed="0.000812"/>
</for>
<return>
<value>${response}</value>
<status status="PASS" start="2024-04-03T20:12:26.072058" elapsed="0.000023"/>
</return>
<status status="PASS" start="2024-04-03T20:12:26.018809" elapsed="0.053363"/>
</kw>
<status status="PASS" start="2024-04-03T20:12:26.018477" elapsed="0.053738"/>
</kw>
<status status="PASS" start="2024-04-03T20:12:25.842548" elapsed="0.229765"/>
</test>
<test id="s1-s1-t2" name="Scenario: Validate the username search by an inexistent user" line="15">
<kw name="Create Session" owner="RequestsLibrary" type="SETUP">
<msg time="2024-04-03T20:12:26.073134" level="INFO">Creating Session using : alias=jsonplaceholder, url=https://jsonplaceholder.typicode.com, headers={},                     cookies={}, auth=None, timeout=None, proxies=None, verify=True,                     debug=0 </msg>
<arg>jsonplaceholder</arg>
<arg>https://jsonplaceholder.typicode.com</arg>
<arg>verify=true</arg>
<doc>Create Session: create a HTTP session to a server</doc>
<status status="PASS" start="2024-04-03T20:12:26.072993" elapsed="0.000282"/>
</kw>
<kw name="When I search for a inexistent username &quot;inexistentUser&quot;" owner="apiJsonPlaceholder_steps" source_name="I search for a inexistent username &quot;${inexistentUser}&quot;">
<kw name="GetUserInexistentUser ${inexistentUser}" owner="apiJsonPlaceholder" source_name="GetUserInexistentUser ${user}">
<kw name="GET On Session" owner="RequestsLibrary">
<msg time="2024-04-03T20:12:26.176918" level="INFO">GET Request : url=https://jsonplaceholder.typicode.com/users?username=inexistentUser 
 path_url=/users?username=inexistentUser 
 headers={'User-Agent': 'python-requests/2.25.1', 'Accept-Encoding': 'gzip, deflate', 'Accept': '*/*', 'Connection': 'keep-alive'} 
 body=None 
 </msg>
<msg time="2024-04-03T20:12:26.177048" level="INFO">GET Response : url=https://jsonplaceholder.typicode.com/users?username=inexistentUser 
 status=200, reason=OK 
 headers={'Date': 'Wed, 03 Apr 2024 20:12:26 GMT', 'Content-Type': 'application/json; charset=utf-8', 'Content-Length': '2', 'Connection': 'keep-alive', 'Report-To': '{"group":"heroku-nel","max_age":3600,"endpoints":[{"url":"https://nel.heroku.com/reports?ts=1712175146&amp;sid=e11707d5-02a7-43ef-b45e-2cf4d2036f7d&amp;s=Up%2BaE%2F4lsU8sbTiLvjbW%2Bu3drDL2LgmGGlReZw3JgHs%3D"}]}', 'Reporting-Endpoints': 'heroku-nel=https://nel.heroku.com/reports?ts=1712175146&amp;sid=e11707d5-02a7-43ef-b45e-2cf4d2036f7d&amp;s=Up%2BaE%2F4lsU8sbTiLvjbW%2Bu3drDL2LgmGGlReZw3JgHs%3D', 'Nel': '{"report_to":"heroku-nel","max_age":3600,"success_fraction":0.005,"failure_fraction":0.05,"response_headers":["Via"]}', 'X-Powered-By': 'Express', 'X-Ratelimit-Limit': '1000', 'X-Ratelimit-Remaining': '996', 'X-Ratelimit-Reset': '1712175203', 'Vary': 'Origin, Accept-Encoding', 'Access-Control-Allow-Credentials': 'true', 'Cache-Control': 'max-age=43200', 'Pragma': 'no-cache', 'Expires': '-1', 'X-Content-Type-Options': 'nosniff', 'Etag': 'W/"2-l9Fw4VUO7kr8CvBlt4zaMCqXZ0w"', 'Via': '1.1 vegur', 'CF-Cache-Status': 'MISS', 'Accept-Ranges': 'bytes', 'Server': 'cloudflare', 'CF-RAY': '86ebb6a74aa842e6-EWR', 'alt-svc': 'h3=":443"; ma=86400'} 
 body=[] 
 </msg>
<msg time="2024-04-03T20:12:26.177180" level="INFO">${response} = &lt;Response [200]&gt;</msg>
<var>${response}</var>
<arg>jsonplaceholder</arg>
<arg>/users?username\=${user}</arg>
<doc>Sends a GET request on a previously created HTTP Session.</doc>
<status status="PASS" start="2024-04-03T20:12:26.073996" elapsed="0.103214"/>
</kw>
<return>
<value>${response}</value>
<status status="PASS" start="2024-04-03T20:12:26.177278" elapsed="0.000034"/>
</return>
<msg time="2024-04-03T20:12:26.177456" level="INFO">${response} = &lt;Response [200]&gt;</msg>
<var>${response}</var>
<status status="PASS" start="2024-04-03T20:12:26.073754" elapsed="0.103723"/>
</kw>
<kw name="Set Test Variable" owner="BuiltIn">
<msg time="2024-04-03T20:12:26.177751" level="INFO">${response} = &lt;Response [200]&gt;</msg>
<arg>${response}</arg>
<doc>Makes a variable available everywhere within the scope of the current test.</doc>
<status status="PASS" start="2024-04-03T20:12:26.177585" elapsed="0.000202"/>
</kw>
<status status="PASS" start="2024-04-03T20:12:26.073470" elapsed="0.104366"/>
</kw>
<kw name="Then I receive an empty body response" owner="apiJsonPlaceholder_steps">
<kw name="Get Length" owner="BuiltIn">
<msg time="2024-04-03T20:12:26.178544" level="INFO">Length is 0.</msg>
<msg time="2024-04-03T20:12:26.178609" level="INFO">${size} = 0</msg>
<var>${size}</var>
<arg>${response.json()}</arg>
<doc>Returns and logs the length of the given item as an integer.</doc>
<status status="PASS" start="2024-04-03T20:12:26.178208" elapsed="0.000420"/>
</kw>
<kw name="Should Be Equal As Numbers" owner="BuiltIn">
<msg time="2024-04-03T20:12:26.178845" level="INFO">Argument types are:
&lt;class 'int'&gt;
&lt;class 'str'&gt;</msg>
<arg>${size}</arg>
<arg>0</arg>
<doc>Fails if objects are unequal after converting them to real numbers.</doc>
<status status="PASS" start="2024-04-03T20:12:26.178730" elapsed="0.000162"/>
</kw>
<status status="PASS" start="2024-04-03T20:12:26.177995" elapsed="0.000980"/>
</kw>
<status status="PASS" start="2024-04-03T20:12:26.072561" elapsed="0.106509"/>
</test>
<test id="s1-s1-t3" name="Scenario: Validate the post search by an inexistent user id" line="19">
<kw name="Create Session" owner="RequestsLibrary" type="SETUP">
<msg time="2024-04-03T20:12:26.179791" level="INFO">Creating Session using : alias=jsonplaceholder, url=https://jsonplaceholder.typicode.com, headers={},                     cookies={}, auth=None, timeout=None, proxies=None, verify=True,                     debug=0 </msg>
<arg>jsonplaceholder</arg>
<arg>https://jsonplaceholder.typicode.com</arg>
<arg>verify=true</arg>
<doc>Create Session: create a HTTP session to a server</doc>
<status status="PASS" start="2024-04-03T20:12:26.179668" elapsed="0.000240"/>
</kw>
<kw name="When I use an inexistent user id to search for the posts" owner="apiJsonPlaceholder_steps">
<kw name="GetUserPosts ${99999}" owner="apiJsonPlaceholder" source_name="GetUserPosts ${userId}">
<kw name="GET On Session" owner="RequestsLibrary">
<msg time="2024-04-03T20:12:26.278201" level="INFO">GET Request : url=https://jsonplaceholder.typicode.com/posts?userId=99999 
 path_url=/posts?userId=99999 
 headers={'User-Agent': 'python-requests/2.25.1', 'Accept-Encoding': 'gzip, deflate', 'Accept': '*/*', 'Connection': 'keep-alive'} 
 body=None 
 </msg>
<msg time="2024-04-03T20:12:26.278283" level="INFO">GET Response : url=https://jsonplaceholder.typicode.com/posts?userId=99999 
 status=200, reason=OK 
 headers={'Date': 'Wed, 03 Apr 2024 20:12:26 GMT', 'Content-Type': 'application/json; charset=utf-8', 'Content-Length': '2', 'Connection': 'keep-alive', 'Report-To': '{"group":"heroku-nel","max_age":3600,"endpoints":[{"url":"https://nel.heroku.com/reports?ts=1712175146&amp;sid=e11707d5-02a7-43ef-b45e-2cf4d2036f7d&amp;s=Up%2BaE%2F4lsU8sbTiLvjbW%2Bu3drDL2LgmGGlReZw3JgHs%3D"}]}', 'Reporting-Endpoints': 'heroku-nel=https://nel.heroku.com/reports?ts=1712175146&amp;sid=e11707d5-02a7-43ef-b45e-2cf4d2036f7d&amp;s=Up%2BaE%2F4lsU8sbTiLvjbW%2Bu3drDL2LgmGGlReZw3JgHs%3D', 'Nel': '{"report_to":"heroku-nel","max_age":3600,"success_fraction":0.005,"failure_fraction":0.05,"response_headers":["Via"]}', 'X-Powered-By': 'Express', 'X-Ratelimit-Limit': '1000', 'X-Ratelimit-Remaining': '995', 'X-Ratelimit-Reset': '1712175203', 'Vary': 'Origin, Accept-Encoding', 'Access-Control-Allow-Credentials': 'true', 'Cache-Control': 'max-age=43200', 'Pragma': 'no-cache', 'Expires': '-1', 'X-Content-Type-Options': 'nosniff', 'Etag': 'W/"2-l9Fw4VUO7kr8CvBlt4zaMCqXZ0w"', 'Via': '1.1 vegur', 'CF-Cache-Status': 'MISS', 'Accept-Ranges': 'bytes', 'Server': 'cloudflare', 'CF-RAY': '86ebb6a7ef6b4210-EWR', 'alt-svc': 'h3=":443"; ma=86400'} 
 body=[] 
 </msg>
<msg time="2024-04-03T20:12:26.278395" level="INFO">${allPosts} = &lt;Response [200]&gt;</msg>
<var>${allPosts}</var>
<arg>jsonplaceholder</arg>
<arg>/posts?userId\=${userId}</arg>
<doc>Sends a GET request on a previously created HTTP Session.</doc>
<status status="PASS" start="2024-04-03T20:12:26.180757" elapsed="0.097665"/>
</kw>
<for flavor="IN">
<iter>
<kw name="Should Be Equal As Strings" owner="BuiltIn">
<arg>${post}[userId]</arg>
<arg>${userId}</arg>
<doc>Fails if objects are unequal after converting them to strings.</doc>
<status status="NOT RUN" start="2024-04-03T20:12:26.278999" elapsed="0.000020"/>
</kw>
<var name="${post}"/>
<status status="NOT RUN" start="2024-04-03T20:12:26.278874" elapsed="0.000181"/>
</iter>
<var>${post}</var>
<value>@{allPosts.json()}</value>
<status status="NOT RUN" start="2024-04-03T20:12:26.278498" elapsed="0.000580"/>
</for>
<return>
<value>${allPosts}</value>
<status status="PASS" start="2024-04-03T20:12:26.279116" elapsed="0.000023"/>
</return>
<msg time="2024-04-03T20:12:26.279257" level="INFO">${response} = &lt;Response [200]&gt;</msg>
<var>${response}</var>
<status status="PASS" start="2024-04-03T20:12:26.180349" elapsed="0.098929"/>
</kw>
<kw name="Set Test Variable" owner="BuiltIn">
<msg time="2024-04-03T20:12:26.279558" level="INFO">${response} = &lt;Response [200]&gt;</msg>
<arg>${response}</arg>
<doc>Makes a variable available everywhere within the scope of the current test.</doc>
<status status="PASS" start="2024-04-03T20:12:26.279384" elapsed="0.000209"/>
</kw>
<status status="PASS" start="2024-04-03T20:12:26.180087" elapsed="0.099557"/>
</kw>
<kw name="Then I receive an empty body response" owner="apiJsonPlaceholder_steps">
<kw name="Get Length" owner="BuiltIn">
<msg time="2024-04-03T20:12:26.280346" level="INFO">Length is 0.</msg>
<msg time="2024-04-03T20:12:26.280445" level="INFO">${size} = 0</msg>
<var>${size}</var>
<arg>${response.json()}</arg>
<doc>Returns and logs the length of the given item as an integer.</doc>
<status status="PASS" start="2024-04-03T20:12:26.280017" elapsed="0.000449"/>
</kw>
<kw name="Should Be Equal As Numbers" owner="BuiltIn">
<msg time="2024-04-03T20:12:26.280687" level="INFO">Argument types are:
&lt;class 'int'&gt;
&lt;class 'str'&gt;</msg>
<arg>${size}</arg>
<arg>0</arg>
<doc>Fails if objects are unequal after converting them to real numbers.</doc>
<status status="PASS" start="2024-04-03T20:12:26.280570" elapsed="0.000164"/>
</kw>
<status status="PASS" start="2024-04-03T20:12:26.279804" elapsed="0.000983"/>
</kw>
<status status="PASS" start="2024-04-03T20:12:26.179272" elapsed="0.101599"/>
</test>
<test id="s1-s1-t4" name="Scenario: Validate the post comment search by an inexistent post id" line="24">
<kw name="Create Session" owner="RequestsLibrary" type="SETUP">
<msg time="2024-04-03T20:12:26.281652" level="INFO">Creating Session using : alias=jsonplaceholder, url=https://jsonplaceholder.typicode.com, headers={},                     cookies={}, auth=None, timeout=None, proxies=None, verify=True,                     debug=0 </msg>
<arg>jsonplaceholder</arg>
<arg>https://jsonplaceholder.typicode.com</arg>
<arg>verify=true</arg>
<doc>Create Session: create a HTTP session to a server</doc>
<status status="PASS" start="2024-04-03T20:12:26.281521" elapsed="0.000400"/>
</kw>
<kw name="When I use an inexistent post id to search for the posts comments" owner="apiJsonPlaceholder_steps">
<kw name="Get post Coments ${999999}" owner="apiJsonPlaceholder" source_name="Get post Coments ${postId}">
<kw name="GET On Session" owner="RequestsLibrary">
<msg time="2024-04-03T20:12:26.381220" level="INFO">GET Request : url=https://jsonplaceholder.typicode.com/comments?postId=999999 
 path_url=/comments?postId=999999 
 headers={'User-Agent': 'python-requests/2.25.1', 'Accept-Encoding': 'gzip, deflate', 'Accept': '*/*', 'Connection': 'keep-alive'} 
 body=None 
 </msg>
<msg time="2024-04-03T20:12:26.381306" level="INFO">GET Response : url=https://jsonplaceholder.typicode.com/comments?postId=999999 
 status=200, reason=OK 
 headers={'Date': 'Wed, 03 Apr 2024 20:12:26 GMT', 'Content-Type': 'application/json; charset=utf-8', 'Content-Length': '2', 'Connection': 'keep-alive', 'Report-To': '{"group":"heroku-nel","max_age":3600,"endpoints":[{"url":"https://nel.heroku.com/reports?ts=1712175146&amp;sid=e11707d5-02a7-43ef-b45e-2cf4d2036f7d&amp;s=Up%2BaE%2F4lsU8sbTiLvjbW%2Bu3drDL2LgmGGlReZw3JgHs%3D"}]}', 'Reporting-Endpoints': 'heroku-nel=https://nel.heroku.com/reports?ts=1712175146&amp;sid=e11707d5-02a7-43ef-b45e-2cf4d2036f7d&amp;s=Up%2BaE%2F4lsU8sbTiLvjbW%2Bu3drDL2LgmGGlReZw3JgHs%3D', 'Nel': '{"report_to":"heroku-nel","max_age":3600,"success_fraction":0.005,"failure_fraction":0.05,"response_headers":["Via"]}', 'X-Powered-By': 'Express', 'X-Ratelimit-Limit': '1000', 'X-Ratelimit-Remaining': '994', 'X-Ratelimit-Reset': '1712175203', 'Vary': 'Origin, Accept-Encoding', 'Access-Control-Allow-Credentials': 'true', 'Cache-Control': 'max-age=43200', 'Pragma': 'no-cache', 'Expires': '-1', 'X-Content-Type-Options': 'nosniff', 'Etag': 'W/"2-l9Fw4VUO7kr8CvBlt4zaMCqXZ0w"', 'Via': '1.1 vegur', 'CF-Cache-Status': 'MISS', 'Accept-Ranges': 'bytes', 'Server': 'cloudflare', 'CF-RAY': '86ebb6a89cde0cc2-EWR', 'alt-svc': 'h3=":443"; ma=86400'} 
 body=[] 
 </msg>
<msg time="2024-04-03T20:12:26.381431" level="INFO">${response} = &lt;Response [200]&gt;</msg>
<var>${response}</var>
<arg>jsonplaceholder</arg>
<arg>/comments?postId\=${postId}</arg>
<doc>Sends a GET request on a previously created HTTP Session.</doc>
<status status="PASS" start="2024-04-03T20:12:26.282807" elapsed="0.098653"/>
</kw>
<for flavor="IN">
<iter>
<kw name="Get Regexp Matches" owner="String">
<var>${result}</var>
<arg>${eachComent}[email]</arg>
<arg>^\\w+([\\.-]?\\w+)*@\\w+([\\.-]?\\w+)*(\\.\\w{2,3})+$</arg>
<doc>Returns a list of all non-overlapping matches in the given string.</doc>
<status status="NOT RUN" start="2024-04-03T20:12:26.382072" elapsed="0.000019"/>
</kw>
<if>
<branch type="IF" condition="not ${result}">
<kw name="Log To Console" owner="BuiltIn">
<arg>WARNING!! The Email ${eachComent}[email] From comment ID No. ${postId} is not a valid Email..."</arg>
<doc>Logs the given message to the console.</doc>
<status status="NOT RUN" start="2024-04-03T20:12:26.382254" elapsed="0.000016"/>
</kw>
<status status="NOT RUN" start="2024-04-03T20:12:26.382161" elapsed="0.000136"/>
</branch>
<status status="NOT RUN" start="2024-04-03T20:12:26.382146" elapsed="0.000170"/>
</if>
<var name="${eachComent}"/>
<status status="NOT RUN" start="2024-04-03T20:12:26.381978" elapsed="0.000357"/>
</iter>
<var>${eachComent}</var>
<value>@{response.json()}</value>
<status status="NOT RUN" start="2024-04-03T20:12:26.381537" elapsed="0.000818"/>
</for>
<return>
<value>${response}</value>
<status status="PASS" start="2024-04-03T20:12:26.382387" elapsed="0.000023"/>
</return>
<msg time="2024-04-03T20:12:26.382522" level="INFO">${response} = &lt;Response [200]&gt;</msg>
<var>${response}</var>
<status status="PASS" start="2024-04-03T20:12:26.282404" elapsed="0.100139"/>
</kw>
<kw name="Set Test Variable" owner="BuiltIn">
<msg time="2024-04-03T20:12:26.382805" level="INFO">${response} = &lt;Response [200]&gt;</msg>
<arg>${response}</arg>
<doc>Makes a variable available everywhere within the scope of the current test.</doc>
<status status="PASS" start="2024-04-03T20:12:26.382641" elapsed="0.000199"/>
</kw>
<status status="PASS" start="2024-04-03T20:12:26.282107" elapsed="0.100782"/>
</kw>
<kw name="Then I receive an empty body response" owner="apiJsonPlaceholder_steps">
<kw name="Get Length" owner="BuiltIn">
<msg time="2024-04-03T20:12:26.383621" level="INFO">Length is 0.</msg>
<msg time="2024-04-03T20:12:26.383686" level="INFO">${size} = 0</msg>
<var>${size}</var>
<arg>${response.json()}</arg>
<doc>Returns and logs the length of the given item as an integer.</doc>
<status status="PASS" start="2024-04-03T20:12:26.383299" elapsed="0.000406"/>
</kw>
<kw name="Should Be Equal As Numbers" owner="BuiltIn">
<msg time="2024-04-03T20:12:26.383924" level="INFO">Argument types are:
&lt;class 'int'&gt;
&lt;class 'str'&gt;</msg>
<arg>${size}</arg>
<arg>0</arg>
<doc>Fails if objects are unequal after converting them to real numbers.</doc>
<status status="PASS" start="2024-04-03T20:12:26.383808" elapsed="0.000163"/>
</kw>
<status status="PASS" start="2024-04-03T20:12:26.383080" elapsed="0.000943"/>
</kw>
<tag>teste</tag>
<status status="PASS" start="2024-04-03T20:12:26.281090" elapsed="0.103015"/>
</test>
<status status="PASS" start="2024-04-03T20:12:25.787070" elapsed="0.597422"/>
</suite>
<status status="PASS" start="2024-04-03T20:12:25.770852" elapsed="0.614131"/>
</suite>
<statistics>
<total>
<stat pass="4" fail="0" skip="0">All Tests</stat>
</total>
<tag>
<stat pass="1" fail="0" skip="0">teste</stat>
</tag>
<suite>
<stat pass="4" fail="0" skip="0" id="s1" name="Tests">Tests</stat>
<stat pass="4" fail="0" skip="0" id="s1-s1" name="apiJsonPlaceholder">Tests.apiJsonPlaceholder</stat>
</suite>
</statistics>
<errors>
</errors>
</robot>
