<?xml version="1.0" encoding="UTF-8"?>
<robot generator="Robot 7.0 (Python 3.12.2 on win32)" generated="2024-04-03T14:27:00.667993" rpa="false" schemaversion="5">
<suite id="s1" name="Tests" source="C:\Edgar\Estudos\RepositoriosGit\ApiJsonPlaceHolder_RobotFrameWork\tests">
<suite id="s1-s1" name="apiJsonPlaceholder" source="C:\Edgar\Estudos\RepositoriosGit\ApiJsonPlaceHolder_RobotFrameWork\tests\apiJsonPlaceholder.robot">
<test id="s1-s1-t1" name="Scenario: Validate if the emails in the comments are properly formatted" line="10">
<kw name="Create Session" owner="RequestsLibrary" type="SETUP">
<msg time="2024-04-03T14:27:00.939422" level="INFO">Creating Session using : alias=jsonplaceholder, url=https://jsonplaceholder.typicode.com, headers={},                     cookies={}, auth=None, timeout=None, proxies=None, verify=True,                     debug=0 </msg>
<arg>jsonplaceholder</arg>
<arg>https://jsonplaceholder.typicode.com</arg>
<arg>verify=true</arg>
<doc>Create Session: create a HTTP session to a server</doc>
<status status="PASS" start="2024-04-03T14:27:00.939422" elapsed="0.000000"/>
</kw>
<kw name="Given that I search for the username &quot;Delphine&quot;" owner="apiJsonPlaceholder_steps" source_name="that I search for the username &quot;${user}&quot;">
<kw name="GetUser ${user}" owner="apiJsonPlaceholder" source_name="GetUser ${user}">
<kw name="GET On Session" owner="RequestsLibrary">
<msg time="2024-04-03T14:27:22.822863" level="INFO">GET Request : url=https://jsonplaceholder.typicode.com/users?username=Delphine 
 path_url=/users?username=Delphine 
 headers={'User-Agent': 'python-requests/2.31.0', 'Accept-Encoding': 'gzip, deflate', 'Accept': '*/*', 'Connection': 'keep-alive'} 
 body=None 
 </msg>
<msg time="2024-04-03T14:27:22.822863" level="INFO">GET Response : url=https://jsonplaceholder.typicode.com/users?username=Delphine 
 status=200, reason=OK 
 headers={'Date': 'Wed, 03 Apr 2024 17:27:22 GMT', 'Content-Type': 'application/json; charset=utf-8', 'Transfer-Encoding': 'chunked', 'Connection': 'keep-alive', 'Report-To': '{"group":"heroku-nel","max_age":3600,"endpoints":[{"url":"https://nel.heroku.com/reports?ts=1712086179&amp;sid=e11707d5-02a7-43ef-b45e-2cf4d2036f7d&amp;s=RSQ77Tc%2BVFE1ezcZVRmgDKqs29sKupILAr5wyLWfVMc%3D"}]}', 'Reporting-Endpoints': 'heroku-nel=https://nel.heroku.com/reports?ts=1712086179&amp;sid=e11707d5-02a7-43ef-b45e-2cf4d2036f7d&amp;s=RSQ77Tc%2BVFE1ezcZVRmgDKqs29sKupILAr5wyLWfVMc%3D', 'Nel': '{"report_to":"heroku-nel","max_age":3600,"success_fraction":0.005,"failure_fraction":0.05,"response_headers":["Via"]}', 'X-Powered-By': 'Express', 'X-Ratelimit-Limit': '1000', 'X-Ratelimit-Remaining': '999', 'X-Ratelimit-Reset': '1712086215', 'Vary': 'Origin, Accept-Encoding', 'Access-Control-Allow-Credentials': 'true', 'Cache-Control': 'max-age=43200', 'Pragma': 'no-cache', 'Expires': '-1', 'X-Content-Type-Options': 'nosniff', 'Etag': 'W/"23d-EKDCRFg7oh6G4KjjoWlynBpL2AY"', 'Via': '1.1 vegur', 'CF-Cache-Status': 'HIT', 'Age': '16991', 'Server': 'cloudflare', 'CF-RAY': '86eac4e02e36335f-MIA', 'Content-Encoding': 'gzip', 'alt-svc': 'h3=":443"; ma=86400'} 
 body=[
  {
    "id": 9,
    "name": "Glenna Reichert",
    "username": "Delphine",
    "email": "Chaim_McDermott@dana.io",
    "address": {
      "street": "Dayna Park",
      "suite": "Suite 449",
      "city": "Bartholomebury",
      "zipcode": "76495-3109",
      "geo": {
        "lat": "24.6463",
        "lng": "-168.8889"
      }
    },
    "phone": "(775)976-6794 x41206",
    "website": "conrad.com",
    "company": {
      "name": "Yost and Sons",
      "catchPhrase": "Switchable contextually-based project",
      "bs": "aggregate real-time technologies"
    }
  }
] 
 </msg>
<msg time="2024-04-03T14:27:22.822863" level="INFO">${response} = &lt;Response [200]&gt;</msg>
<var>${response}</var>
<arg>jsonplaceholder</arg>
<arg>/users?username\=${user}</arg>
<doc>Sends a GET request on a previously created HTTP Session.</doc>
<status status="PASS" start="2024-04-03T14:27:00.939422" elapsed="21.884518"/>
</kw>
<kw name="Should Be Equal As Numbers" owner="BuiltIn">
<msg time="2024-04-03T14:27:22.823940" level="INFO">Argument types are:
&lt;class 'int'&gt;
&lt;class 'str'&gt;</msg>
<arg>${response.status_code}</arg>
<arg>200</arg>
<doc>Fails if objects are unequal after converting them to real numbers.</doc>
<status status="PASS" start="2024-04-03T14:27:22.823940" elapsed="0.000000"/>
</kw>
<return>
<value>${response.json()}</value>
<status status="PASS" start="2024-04-03T14:27:22.823940" elapsed="0.000000"/>
</return>
<msg time="2024-04-03T14:27:22.824937" level="INFO">${response} = [{'id': 9, 'name': 'Glenna Reichert', 'username': 'Delphine', 'email': 'Chaim_McDermott@dana.io', 'address': {'street': 'Dayna Park', 'suite': 'Suite 449', 'city': 'Bartholomebury', 'zipcode': '76495-...</msg>
<var>${response}</var>
<status status="PASS" start="2024-04-03T14:27:00.939422" elapsed="21.885515"/>
</kw>
<kw name="Set Test Variable" owner="BuiltIn">
<msg time="2024-04-03T14:27:22.824937" level="INFO">${response} = [{'id': 9, 'name': 'Glenna Reichert', 'username': 'Delphine', 'email': 'Chaim_McDermott@dana.io', 'address': {'street': 'Dayna Park', 'suite': 'Suite 449', 'city': 'Bartholomebury', 'zipcode': '76495-...</msg>
<arg>${response}</arg>
<doc>Makes a variable available everywhere within the scope of the current test.</doc>
<status status="PASS" start="2024-04-03T14:27:22.824937" elapsed="0.000000"/>
</kw>
<status status="PASS" start="2024-04-03T14:27:00.939422" elapsed="21.885515"/>
</kw>
<kw name="When I use the id fetched to search for the posts written by the user" owner="apiJsonPlaceholder_steps">
<kw name="Set Variable" owner="BuiltIn">
<msg time="2024-04-03T14:27:22.826092" level="INFO">${id} = 9</msg>
<var>${id}</var>
<arg>${response}[0][id]</arg>
<doc>Returns the given values which can then be assigned to a variables.</doc>
<status status="PASS" start="2024-04-03T14:27:22.826092" elapsed="0.000000"/>
</kw>
<kw name="GetUserPosts ${id}" owner="apiJsonPlaceholder" source_name="GetUserPosts ${userId}">
<kw name="GET On Session" owner="RequestsLibrary">
<msg time="2024-04-03T14:27:22.917440" level="INFO">GET Request : url=https://jsonplaceholder.typicode.com/posts?userId=9 
 path_url=/posts?userId=9 
 headers={'User-Agent': 'python-requests/2.31.0', 'Accept-Encoding': 'gzip, deflate', 'Accept': '*/*', 'Connection': 'keep-alive'} 
 body=None 
 </msg>
<msg time="2024-04-03T14:27:22.917440" level="INFO">GET Response : url=https://jsonplaceholder.typicode.com/posts?userId=9 
 status=200, reason=OK 
 headers={'Date': 'Wed, 03 Apr 2024 17:27:23 GMT', 'Content-Type': 'application/json; charset=utf-8', 'Transfer-Encoding': 'chunked', 'Connection': 'keep-alive', 'Report-To': '{"group":"heroku-nel","max_age":3600,"endpoints":[{"url":"https://nel.heroku.com/reports?ts=1710165359&amp;sid=e11707d5-02a7-43ef-b45e-2cf4d2036f7d&amp;s=OruXMBDt72zDJTWLfkGSj6PnVbR0NneNH1KbjxuvMQI%3D"}]}', 'Reporting-Endpoints': 'heroku-nel=https://nel.heroku.com/reports?ts=1710165359&amp;sid=e11707d5-02a7-43ef-b45e-2cf4d2036f7d&amp;s=OruXMBDt72zDJTWLfkGSj6PnVbR0NneNH1KbjxuvMQI%3D', 'Nel': '{"report_to":"heroku-nel","max_age":3600,"success_fraction":0.005,"failure_fraction":0.05,"response_headers":["Via"]}', 'X-Powered-By': 'Express', 'X-Ratelimit-Limit': '1000', 'X-Ratelimit-Remaining': '999', 'X-Ratelimit-Reset': '1710165360', 'Vary': 'Origin, Accept-Encoding', 'Access-Control-Allow-Credentials': 'true', 'Cache-Control': 'max-age=43200', 'Pragma': 'no-cache', 'Expires': '-1', 'X-Content-Type-Options': 'nosniff', 'Etag': 'W/"aa1-7w0ImWAnFGRWG4ZRQUECVBaSqRo"', 'Content-Encoding': 'gzip', 'Via': '1.1 vegur', 'CF-Cache-Status': 'HIT', 'Age': '16992', 'Server': 'cloudflare', 'CF-RAY': '86eac4e0ef5c335f-MIA', 'alt-svc': 'h3=":443"; ma=86400'} 
 body=[
  {
    "userId": 9,
    "id": 81,
    "title": "tempora rem veritatis voluptas quo dolores vero",
    "body": "facere qui nesciunt est voluptatum voluptatem nisi\nsequi eligendi necessitatibus ea at rerum itaque\nharum non ratione velit laboriosam quis consequuntur\nex officiis minima doloremque voluptas ut aut"
  },
  {
    "userId": 9,
    "id": 82,
    "title": "laudantium voluptate suscipit sunt enim enim",
    "body": "ut libero sit aut totam inventore sunt\nporro sint qui sunt molestiae\nconsequatur cupiditate qui iste ducimus adipisci\ndolor enim assumenda soluta laboriosam amet iste delectus hic"
  },
  {
    "userId": 9,
    "id": 83,
    "title": "odit et voluptates doloribus alias odio et",
    "body": "est molestiae facilis quis tempora numquam nihil qui\nvoluptate sapiente consequatur est qui\nnecessitatibus autem aut ipsa aperiam modi dolore numquam\nreprehenderit eius rem quibusdam"
  },
  {
    "userId": 9,
    "id": 84,
    "title": "optio ipsam molestias necessitatibus occaecati facilis veritatis dolores aut",
    "body": "sint molestiae magni a et quos\neaque et quasi\nut rerum debitis similique veniam\nrecusandae dignissimos dolor incidunt consequatur odio"
  },
  {
    "userId": 9,
    "id": 85,
    "title": "dolore veritatis porro provident adipisci blanditiis et sunt",
    "body": "similique sed nisi voluptas iusto omnis\nmollitia et quo\nassumenda suscipit officia magnam sint sed tempora\nenim provident pariatur praesentium atque animi amet ratione"
  },
  {
    "userId": 9,
    "id": 86,
    "title": "placeat quia et porro iste",
    "body": "quasi excepturi consequatur iste autem temporibus sed molestiae beatae\net quaerat et esse ut\nvoluptatem occaecati et vel explicabo autem\nasperiores pariatur deserunt optio"
  },
  {
    "userId": 9,
    "id": 87,
    "title": "nostrum quis quasi placeat",
    "body": "eos et molestiae\nnesciunt ut a\ndolores perspiciatis repellendus repellat aliquid\nmagnam sint rem ipsum est"
  },
  {
    "userId": 9,
    "id": 88,
    "title": "sapiente omnis fugit eos",
    "body": "consequatur omnis est praesentium\nducimus non iste\nneque hic deserunt\nvoluptatibus veniam cum et rerum sed"
  },
  {
    "userId": 9,
    "id": 89,
    "title": "sint soluta et vel magnam aut ut sed qui",
    "body": "repellat aut aperiam totam temporibus autem et\narchitecto magnam ut\nconsequatur qui cupiditate rerum quia soluta dignissimos nihil iure\ntempore quas est"
  },
  {
    "userId": 9,
    "id": 90,
    "title": "ad iusto omnis odit dolor voluptatibus",
    "body": "minus omnis soluta quia\nqui sed adipisci voluptates illum ipsam voluptatem\neligendi officia ut in\neos soluta similique molestias praesentium blanditiis"
  }
] 
 </msg>
<msg time="2024-04-03T14:27:22.917440" level="INFO">${allPosts} = &lt;Response [200]&gt;</msg>
<var>${allPosts}</var>
<arg>jsonplaceholder</arg>
<arg>/posts?userId\=${userId}</arg>
<doc>Sends a GET request on a previously created HTTP Session.</doc>
<status status="PASS" start="2024-04-03T14:27:22.827145" elapsed="0.090295"/>
</kw>
<for flavor="IN">
<iter>
<kw name="Should Be Equal As Strings" owner="BuiltIn">
<arg>${post}[userId]</arg>
<arg>${userId}</arg>
<doc>Fails if objects are unequal after converting them to strings.</doc>
<status status="PASS" start="2024-04-03T14:27:22.917440" elapsed="0.000000"/>
</kw>
<var name="${post}">{'userId': 9, 'id': 81, 'title': 'tempora rem veritatis voluptas quo dolores vero', 'body': 'facere qui nesciunt est voluptatum voluptatem nisi\nsequi eligendi necessitatibus ea at rerum itaque\nharum...</var>
<status status="PASS" start="2024-04-03T14:27:22.917440" elapsed="0.000000"/>
</iter>
<iter>
<kw name="Should Be Equal As Strings" owner="BuiltIn">
<arg>${post}[userId]</arg>
<arg>${userId}</arg>
<doc>Fails if objects are unequal after converting them to strings.</doc>
<status status="PASS" start="2024-04-03T14:27:22.917440" elapsed="0.000000"/>
</kw>
<var name="${post}">{'userId': 9, 'id': 82, 'title': 'laudantium voluptate suscipit sunt enim enim', 'body': 'ut libero sit aut totam inventore sunt\nporro sint qui sunt molestiae\nconsequatur cupiditate qui iste ducimus...</var>
<status status="PASS" start="2024-04-03T14:27:22.917440" elapsed="0.000000"/>
</iter>
<iter>
<kw name="Should Be Equal As Strings" owner="BuiltIn">
<arg>${post}[userId]</arg>
<arg>${userId}</arg>
<doc>Fails if objects are unequal after converting them to strings.</doc>
<status status="PASS" start="2024-04-03T14:27:22.917440" elapsed="0.000000"/>
</kw>
<var name="${post}">{'userId': 9, 'id': 83, 'title': 'odit et voluptates doloribus alias odio et', 'body': 'est molestiae facilis quis tempora numquam nihil qui\nvoluptate sapiente consequatur est qui\nnecessitatibus aut...</var>
<status status="PASS" start="2024-04-03T14:27:22.917440" elapsed="0.000000"/>
</iter>
<iter>
<kw name="Should Be Equal As Strings" owner="BuiltIn">
<arg>${post}[userId]</arg>
<arg>${userId}</arg>
<doc>Fails if objects are unequal after converting them to strings.</doc>
<status status="PASS" start="2024-04-03T14:27:22.917440" elapsed="0.000000"/>
</kw>
<var name="${post}">{'userId': 9, 'id': 84, 'title': 'optio ipsam molestias necessitatibus occaecati facilis veritatis dolores aut', 'body': 'sint molestiae magni a et quos\neaque et quasi\nut rerum debitis similique ven...</var>
<status status="PASS" start="2024-04-03T14:27:22.917440" elapsed="0.000000"/>
</iter>
<iter>
<kw name="Should Be Equal As Strings" owner="BuiltIn">
<arg>${post}[userId]</arg>
<arg>${userId}</arg>
<doc>Fails if objects are unequal after converting them to strings.</doc>
<status status="PASS" start="2024-04-03T14:27:22.917440" elapsed="0.000000"/>
</kw>
<var name="${post}">{'userId': 9, 'id': 85, 'title': 'dolore veritatis porro provident adipisci blanditiis et sunt', 'body': 'similique sed nisi voluptas iusto omnis\nmollitia et quo\nassumenda suscipit officia magnam si...</var>
<status status="PASS" start="2024-04-03T14:27:22.917440" elapsed="0.000000"/>
</iter>
<iter>
<kw name="Should Be Equal As Strings" owner="BuiltIn">
<arg>${post}[userId]</arg>
<arg>${userId}</arg>
<doc>Fails if objects are unequal after converting them to strings.</doc>
<status status="PASS" start="2024-04-03T14:27:22.917440" elapsed="0.000000"/>
</kw>
<var name="${post}">{'userId': 9, 'id': 86, 'title': 'placeat quia et porro iste', 'body': 'quasi excepturi consequatur iste autem temporibus sed molestiae beatae\net quaerat et esse ut\nvoluptatem occaecati et vel expli...</var>
<status status="PASS" start="2024-04-03T14:27:22.917440" elapsed="0.000000"/>
</iter>
<iter>
<kw name="Should Be Equal As Strings" owner="BuiltIn">
<arg>${post}[userId]</arg>
<arg>${userId}</arg>
<doc>Fails if objects are unequal after converting them to strings.</doc>
<status status="PASS" start="2024-04-03T14:27:22.917440" elapsed="0.000000"/>
</kw>
<var name="${post}">{'userId': 9, 'id': 87, 'title': 'nostrum quis quasi placeat', 'body': 'eos et molestiae\nnesciunt ut a\ndolores perspiciatis repellendus repellat aliquid\nmagnam sint rem ipsum est'}</var>
<status status="PASS" start="2024-04-03T14:27:22.917440" elapsed="0.000000"/>
</iter>
<iter>
<kw name="Should Be Equal As Strings" owner="BuiltIn">
<arg>${post}[userId]</arg>
<arg>${userId}</arg>
<doc>Fails if objects are unequal after converting them to strings.</doc>
<status status="PASS" start="2024-04-03T14:27:22.917440" elapsed="0.000000"/>
</kw>
<var name="${post}">{'userId': 9, 'id': 88, 'title': 'sapiente omnis fugit eos', 'body': 'consequatur omnis est praesentium\nducimus non iste\nneque hic deserunt\nvoluptatibus veniam cum et rerum sed'}</var>
<status status="PASS" start="2024-04-03T14:27:22.917440" elapsed="0.000000"/>
</iter>
<iter>
<kw name="Should Be Equal As Strings" owner="BuiltIn">
<arg>${post}[userId]</arg>
<arg>${userId}</arg>
<doc>Fails if objects are unequal after converting them to strings.</doc>
<status status="PASS" start="2024-04-03T14:27:22.917440" elapsed="0.000000"/>
</kw>
<var name="${post}">{'userId': 9, 'id': 89, 'title': 'sint soluta et vel magnam aut ut sed qui', 'body': 'repellat aut aperiam totam temporibus autem et\narchitecto magnam ut\nconsequatur qui cupiditate rerum quia soluta...</var>
<status status="PASS" start="2024-04-03T14:27:22.917440" elapsed="0.000000"/>
</iter>
<iter>
<kw name="Should Be Equal As Strings" owner="BuiltIn">
<arg>${post}[userId]</arg>
<arg>${userId}</arg>
<doc>Fails if objects are unequal after converting them to strings.</doc>
<status status="PASS" start="2024-04-03T14:27:22.917440" elapsed="0.000000"/>
</kw>
<var name="${post}">{'userId': 9, 'id': 90, 'title': 'ad iusto omnis odit dolor voluptatibus', 'body': 'minus omnis soluta quia\nqui sed adipisci voluptates illum ipsam voluptatem\neligendi officia ut in\neos soluta simi...</var>
<status status="PASS" start="2024-04-03T14:27:22.917440" elapsed="0.000000"/>
</iter>
<var>${post}</var>
<value>@{allPosts.json()}</value>
<status status="PASS" start="2024-04-03T14:27:22.917440" elapsed="0.000000"/>
</for>
<return>
<value>${allPosts}</value>
<status status="PASS" start="2024-04-03T14:27:22.917440" elapsed="0.000000"/>
</return>
<msg time="2024-04-03T14:27:22.917440" level="INFO">${allPosts} = &lt;Response [200]&gt;</msg>
<var>${allPosts}</var>
<status status="PASS" start="2024-04-03T14:27:22.827145" elapsed="0.090295"/>
</kw>
<kw name="Set Test Variable" owner="BuiltIn">
<msg time="2024-04-03T14:27:22.917440" level="INFO">${allPosts} = &lt;Response [200]&gt;</msg>
<arg>${allPosts}</arg>
<doc>Makes a variable available everywhere within the scope of the current test.</doc>
<status status="PASS" start="2024-04-03T14:27:22.917440" elapsed="0.000000"/>
</kw>
<status status="PASS" start="2024-04-03T14:27:22.826092" elapsed="0.091348"/>
</kw>
<kw name="Then I validate if the emails in the comment section are in the proper format" owner="apiJsonPlaceholder_steps">
<kw name="Get post Coments emails ${allPosts}" owner="apiJsonPlaceholder" source_name="Get post Coments ${postId}">
<kw name="GET On Session" owner="RequestsLibrary">
<msg time="2024-04-03T14:27:23.020127" level="INFO">GET Request : url=https://jsonplaceholder.typicode.com/comments?postId=emails%20%3CResponse%20%5B200%5D%3E 
 path_url=/comments?postId=emails%20%3CResponse%20%5B200%5D%3E 
 headers={'User-Agent': 'python-requests/2.31.0', 'Accept-Encoding': 'gzip, deflate', 'Accept': '*/*', 'Connection': 'keep-alive'} 
 body=None 
 </msg>
<msg time="2024-04-03T14:27:23.020127" level="INFO">GET Response : url=https://jsonplaceholder.typicode.com/comments?postId=emails%20%3CResponse%20%5B200%5D%3E 
 status=200, reason=OK 
 headers={'Date': 'Wed, 03 Apr 2024 17:27:23 GMT', 'Content-Type': 'application/json; charset=utf-8', 'Content-Length': '2', 'Connection': 'keep-alive', 'Report-To': '{"group":"heroku-nel","max_age":3600,"endpoints":[{"url":"https://nel.heroku.com/reports?ts=1712156529&amp;sid=e11707d5-02a7-43ef-b45e-2cf4d2036f7d&amp;s=wH7YpwE32J%2FRE7cjdXZD5BOolaWOHcH0bMWLR4K0xrM%3D"}]}', 'Reporting-Endpoints': 'heroku-nel=https://nel.heroku.com/reports?ts=1712156529&amp;sid=e11707d5-02a7-43ef-b45e-2cf4d2036f7d&amp;s=wH7YpwE32J%2FRE7cjdXZD5BOolaWOHcH0bMWLR4K0xrM%3D', 'Nel': '{"report_to":"heroku-nel","max_age":3600,"success_fraction":0.005,"failure_fraction":0.05,"response_headers":["Via"]}', 'X-Powered-By': 'Express', 'X-Ratelimit-Limit': '1000', 'X-Ratelimit-Remaining': '999', 'X-Ratelimit-Reset': '1712156543', 'Vary': 'Origin, Accept-Encoding', 'Access-Control-Allow-Credentials': 'true', 'Cache-Control': 'max-age=43200', 'Pragma': 'no-cache', 'Expires': '-1', 'X-Content-Type-Options': 'nosniff', 'Etag': 'W/"2-l9Fw4VUO7kr8CvBlt4zaMCqXZ0w"', 'Via': '1.1 vegur', 'CF-Cache-Status': 'HIT', 'Age': '8714', 'Accept-Ranges': 'bytes', 'Server': 'cloudflare', 'CF-RAY': '86eac4e18871335f-MIA', 'alt-svc': 'h3=":443"; ma=86400'} 
 body=[] 
 </msg>
<msg time="2024-04-03T14:27:23.020127" level="INFO">${response} = &lt;Response [200]&gt;</msg>
<var>${response}</var>
<arg>jsonplaceholder</arg>
<arg>/comments?postId\=${postId}</arg>
<doc>Sends a GET request on a previously created HTTP Session.</doc>
<status status="PASS" start="2024-04-03T14:27:22.917440" elapsed="0.102687"/>
</kw>
<for flavor="IN">
<iter>
<kw name="Get Regexp Matches" owner="String">
<var>${result}</var>
<arg>${eachComent}[email]</arg>
<arg>^\\w+([\\.-]?\\w+)*@\\w+([\\.-]?\\w+)*(\\.\\w{2,3})+$</arg>
<doc>Returns a list of all non-overlapping matches in the given string.</doc>
<status status="NOT RUN" start="2024-04-03T14:27:23.020127" elapsed="0.000000"/>
</kw>
<if>
<branch type="IF" condition="not ${result}">
<kw name="Log To Console" owner="BuiltIn">
<arg>WARNING!! The Email ${eachComent}[email] From comment ID No. ${postId} is not a valid Email..."</arg>
<doc>Logs the given message to the console.</doc>
<status status="NOT RUN" start="2024-04-03T14:27:23.020127" elapsed="0.000000"/>
</kw>
<status status="NOT RUN" start="2024-04-03T14:27:23.020127" elapsed="0.000000"/>
</branch>
<status status="NOT RUN" start="2024-04-03T14:27:23.020127" elapsed="0.000000"/>
</if>
<var name="${eachComent}"/>
<status status="NOT RUN" start="2024-04-03T14:27:23.020127" elapsed="0.000000"/>
</iter>
<var>${eachComent}</var>
<value>@{response.json()}</value>
<status status="NOT RUN" start="2024-04-03T14:27:23.020127" elapsed="0.000000"/>
</for>
<return>
<value>${response}</value>
<status status="PASS" start="2024-04-03T14:27:23.020127" elapsed="0.000000"/>
</return>
<status status="PASS" start="2024-04-03T14:27:22.917440" elapsed="0.102687"/>
</kw>
<status status="PASS" start="2024-04-03T14:27:22.917440" elapsed="0.102687"/>
</kw>
<status status="PASS" start="2024-04-03T14:27:00.939422" elapsed="22.080705"/>
</test>
<test id="s1-s1-t2" name="Scenario: Validate the username search by an inexistent user" line="15">
<kw name="Create Session" owner="RequestsLibrary" type="SETUP">
<msg time="2024-04-03T14:27:23.020127" level="INFO">Creating Session using : alias=jsonplaceholder, url=https://jsonplaceholder.typicode.com, headers={},                     cookies={}, auth=None, timeout=None, proxies=None, verify=True,                     debug=0 </msg>
<arg>jsonplaceholder</arg>
<arg>https://jsonplaceholder.typicode.com</arg>
<arg>verify=true</arg>
<doc>Create Session: create a HTTP session to a server</doc>
<status status="PASS" start="2024-04-03T14:27:23.020127" elapsed="0.000000"/>
</kw>
<kw name="When I search for a inexistent username &quot;inexistentUser&quot;" owner="apiJsonPlaceholder_steps" source_name="I search for a inexistent username &quot;${inexistentUser}&quot;">
<kw name="GetUserInexistentUser ${inexistentUser}" owner="apiJsonPlaceholder" source_name="GetUserInexistentUser ${user}">
<kw name="GET On Session" owner="RequestsLibrary">
<msg time="2024-04-03T14:27:23.742743" level="INFO">GET Request : url=https://jsonplaceholder.typicode.com/users?username=inexistentUser 
 path_url=/users?username=inexistentUser 
 headers={'User-Agent': 'python-requests/2.31.0', 'Accept-Encoding': 'gzip, deflate', 'Accept': '*/*', 'Connection': 'keep-alive'} 
 body=None 
 </msg>
<msg time="2024-04-03T14:27:23.742937" level="INFO">GET Response : url=https://jsonplaceholder.typicode.com/users?username=inexistentUser 
 status=200, reason=OK 
 headers={'Date': 'Wed, 03 Apr 2024 17:27:23 GMT', 'Content-Type': 'application/json; charset=utf-8', 'Content-Length': '2', 'Connection': 'keep-alive', 'Report-To': '{"group":"heroku-nel","max_age":3600,"endpoints":[{"url":"https://nel.heroku.com/reports?ts=1712149458&amp;sid=e11707d5-02a7-43ef-b45e-2cf4d2036f7d&amp;s=LtW5AkyLHBxZ%2FH6IXw2L3ZkSNuujF8XA9uZ6YxAVnes%3D"}]}', 'Reporting-Endpoints': 'heroku-nel=https://nel.heroku.com/reports?ts=1712149458&amp;sid=e11707d5-02a7-43ef-b45e-2cf4d2036f7d&amp;s=LtW5AkyLHBxZ%2FH6IXw2L3ZkSNuujF8XA9uZ6YxAVnes%3D', 'Nel': '{"report_to":"heroku-nel","max_age":3600,"success_fraction":0.005,"failure_fraction":0.05,"response_headers":["Via"]}', 'X-Powered-By': 'Express', 'X-Ratelimit-Limit': '1000', 'X-Ratelimit-Remaining': '999', 'X-Ratelimit-Reset': '1712149463', 'Vary': 'Origin, Accept-Encoding', 'Access-Control-Allow-Credentials': 'true', 'Cache-Control': 'max-age=43200', 'Pragma': 'no-cache', 'Expires': '-1', 'X-Content-Type-Options': 'nosniff', 'Etag': 'W/"2-l9Fw4VUO7kr8CvBlt4zaMCqXZ0w"', 'Via': '1.1 vegur', 'CF-Cache-Status': 'HIT', 'Age': '15785', 'Accept-Ranges': 'bytes', 'Server': 'cloudflare', 'CF-RAY': '86eac4e60f93257d-MIA', 'alt-svc': 'h3=":443"; ma=86400'} 
 body=[] 
 </msg>
<msg time="2024-04-03T14:27:23.742937" level="INFO">${response} = &lt;Response [200]&gt;</msg>
<var>${response}</var>
<arg>jsonplaceholder</arg>
<arg>/users?username\=${user}</arg>
<doc>Sends a GET request on a previously created HTTP Session.</doc>
<status status="PASS" start="2024-04-03T14:27:23.020127" elapsed="0.722810"/>
</kw>
<return>
<value>${response}</value>
<status status="PASS" start="2024-04-03T14:27:23.742937" elapsed="0.000000"/>
</return>
<msg time="2024-04-03T14:27:23.742937" level="INFO">${response} = &lt;Response [200]&gt;</msg>
<var>${response}</var>
<status status="PASS" start="2024-04-03T14:27:23.020127" elapsed="0.722810"/>
</kw>
<kw name="Set Test Variable" owner="BuiltIn">
<msg time="2024-04-03T14:27:23.742937" level="INFO">${response} = &lt;Response [200]&gt;</msg>
<arg>${response}</arg>
<doc>Makes a variable available everywhere within the scope of the current test.</doc>
<status status="PASS" start="2024-04-03T14:27:23.742937" elapsed="0.000000"/>
</kw>
<status status="PASS" start="2024-04-03T14:27:23.020127" elapsed="0.722810"/>
</kw>
<kw name="Then I receive an empty body response" owner="apiJsonPlaceholder_steps">
<kw name="Get Length" owner="BuiltIn">
<msg time="2024-04-03T14:27:23.744200" level="INFO">Length is 0.</msg>
<msg time="2024-04-03T14:27:23.745253" level="INFO">${size} = 0</msg>
<var>${size}</var>
<arg>${response.json()}</arg>
<doc>Returns and logs the length of the given item as an integer.</doc>
<status status="PASS" start="2024-04-03T14:27:23.744200" elapsed="0.001053"/>
</kw>
<kw name="Should Be Equal As Numbers" owner="BuiltIn">
<msg time="2024-04-03T14:27:23.745253" level="INFO">Argument types are:
&lt;class 'int'&gt;
&lt;class 'str'&gt;</msg>
<arg>${size}</arg>
<arg>0</arg>
<doc>Fails if objects are unequal after converting them to real numbers.</doc>
<status status="PASS" start="2024-04-03T14:27:23.745253" elapsed="0.000000"/>
</kw>
<status status="PASS" start="2024-04-03T14:27:23.744200" elapsed="0.001053"/>
</kw>
<status status="PASS" start="2024-04-03T14:27:23.020127" elapsed="0.725826"/>
</test>
<test id="s1-s1-t3" name="Scenario: Validate the post search by an inexistent user id" line="19">
<kw name="Create Session" owner="RequestsLibrary" type="SETUP">
<msg time="2024-04-03T14:27:23.747967" level="INFO">Creating Session using : alias=jsonplaceholder, url=https://jsonplaceholder.typicode.com, headers={},                     cookies={}, auth=None, timeout=None, proxies=None, verify=True,                     debug=0 </msg>
<arg>jsonplaceholder</arg>
<arg>https://jsonplaceholder.typicode.com</arg>
<arg>verify=true</arg>
<doc>Create Session: create a HTTP session to a server</doc>
<status status="PASS" start="2024-04-03T14:27:23.747967" elapsed="0.000000"/>
</kw>
<kw name="When I use an inexistent user id to search for the posts" owner="apiJsonPlaceholder_steps">
<kw name="GetUserPosts ${99999}" owner="apiJsonPlaceholder" source_name="GetUserPosts ${userId}">
<kw name="GET On Session" owner="RequestsLibrary">
<msg time="2024-04-03T14:27:24.536561" level="INFO">GET Request : url=https://jsonplaceholder.typicode.com/posts?userId=99999 
 path_url=/posts?userId=99999 
 headers={'User-Agent': 'python-requests/2.31.0', 'Accept-Encoding': 'gzip, deflate', 'Accept': '*/*', 'Connection': 'keep-alive'} 
 body=None 
 </msg>
<msg time="2024-04-03T14:27:24.536561" level="INFO">GET Response : url=https://jsonplaceholder.typicode.com/posts?userId=99999 
 status=200, reason=OK 
 headers={'Date': 'Wed, 03 Apr 2024 17:27:24 GMT', 'Content-Type': 'application/json; charset=utf-8', 'Content-Length': '2', 'Connection': 'keep-alive', 'Report-To': '{"group":"heroku-nel","max_age":3600,"endpoints":[{"url":"https://nel.heroku.com/reports?ts=1712149459&amp;sid=e11707d5-02a7-43ef-b45e-2cf4d2036f7d&amp;s=oDHhLyfNvHZO5OuA7z6KLsjUxA4kxzJsJc%2FkXiltYHk%3D"}]}', 'Reporting-Endpoints': 'heroku-nel=https://nel.heroku.com/reports?ts=1712149459&amp;sid=e11707d5-02a7-43ef-b45e-2cf4d2036f7d&amp;s=oDHhLyfNvHZO5OuA7z6KLsjUxA4kxzJsJc%2FkXiltYHk%3D', 'Nel': '{"report_to":"heroku-nel","max_age":3600,"success_fraction":0.005,"failure_fraction":0.05,"response_headers":["Via"]}', 'X-Powered-By': 'Express', 'X-Ratelimit-Limit': '1000', 'X-Ratelimit-Remaining': '997', 'X-Ratelimit-Reset': '1712149463', 'Vary': 'Origin, Accept-Encoding', 'Access-Control-Allow-Credentials': 'true', 'Cache-Control': 'max-age=43200', 'Pragma': 'no-cache', 'Expires': '-1', 'X-Content-Type-Options': 'nosniff', 'Etag': 'W/"2-l9Fw4VUO7kr8CvBlt4zaMCqXZ0w"', 'Via': '1.1 vegur', 'CF-Cache-Status': 'HIT', 'Age': '15785', 'Accept-Ranges': 'bytes', 'Server': 'cloudflare', 'CF-RAY': '86eac4eafa45334d-MIA', 'alt-svc': 'h3=":443"; ma=86400'} 
 body=[] 
 </msg>
<msg time="2024-04-03T14:27:24.536561" level="INFO">${allPosts} = &lt;Response [200]&gt;</msg>
<var>${allPosts}</var>
<arg>jsonplaceholder</arg>
<arg>/posts?userId\=${userId}</arg>
<doc>Sends a GET request on a previously created HTTP Session.</doc>
<status status="PASS" start="2024-04-03T14:27:23.750875" elapsed="0.785686"/>
</kw>
<for flavor="IN">
<iter>
<kw name="Should Be Equal As Strings" owner="BuiltIn">
<arg>${post}[userId]</arg>
<arg>${userId}</arg>
<doc>Fails if objects are unequal after converting them to strings.</doc>
<status status="NOT RUN" start="2024-04-03T14:27:24.537556" elapsed="0.000774"/>
</kw>
<var name="${post}"/>
<status status="NOT RUN" start="2024-04-03T14:27:24.537556" elapsed="0.000774"/>
</iter>
<var>${post}</var>
<value>@{allPosts.json()}</value>
<status status="NOT RUN" start="2024-04-03T14:27:24.536561" elapsed="0.001769"/>
</for>
<return>
<value>${allPosts}</value>
<status status="PASS" start="2024-04-03T14:27:24.538330" elapsed="0.000000"/>
</return>
<msg time="2024-04-03T14:27:24.538330" level="INFO">${response} = &lt;Response [200]&gt;</msg>
<var>${response}</var>
<status status="PASS" start="2024-04-03T14:27:23.749966" elapsed="0.788364"/>
</kw>
<kw name="Set Test Variable" owner="BuiltIn">
<msg time="2024-04-03T14:27:24.538330" level="INFO">${response} = &lt;Response [200]&gt;</msg>
<arg>${response}</arg>
<doc>Makes a variable available everywhere within the scope of the current test.</doc>
<status status="PASS" start="2024-04-03T14:27:24.538330" elapsed="0.000000"/>
</kw>
<status status="PASS" start="2024-04-03T14:27:23.748966" elapsed="0.789364"/>
</kw>
<kw name="Then I receive an empty body response" owner="apiJsonPlaceholder_steps">
<kw name="Get Length" owner="BuiltIn">
<msg time="2024-04-03T14:27:24.538330" level="INFO">Length is 0.</msg>
<msg time="2024-04-03T14:27:24.538330" level="INFO">${size} = 0</msg>
<var>${size}</var>
<arg>${response.json()}</arg>
<doc>Returns and logs the length of the given item as an integer.</doc>
<status status="PASS" start="2024-04-03T14:27:24.538330" elapsed="0.000000"/>
</kw>
<kw name="Should Be Equal As Numbers" owner="BuiltIn">
<msg time="2024-04-03T14:27:24.538330" level="INFO">Argument types are:
&lt;class 'int'&gt;
&lt;class 'str'&gt;</msg>
<arg>${size}</arg>
<arg>0</arg>
<doc>Fails if objects are unequal after converting them to real numbers.</doc>
<status status="PASS" start="2024-04-03T14:27:24.538330" elapsed="0.000000"/>
</kw>
<status status="PASS" start="2024-04-03T14:27:24.538330" elapsed="0.000000"/>
</kw>
<status status="PASS" start="2024-04-03T14:27:23.746968" elapsed="0.791362"/>
</test>
<test id="s1-s1-t4" name="Scenario: Validate the post comment search by an inexistent post id" line="24">
<kw name="Create Session" owner="RequestsLibrary" type="SETUP">
<msg time="2024-04-03T14:27:24.538330" level="INFO">Creating Session using : alias=jsonplaceholder, url=https://jsonplaceholder.typicode.com, headers={},                     cookies={}, auth=None, timeout=None, proxies=None, verify=True,                     debug=0 </msg>
<arg>jsonplaceholder</arg>
<arg>https://jsonplaceholder.typicode.com</arg>
<arg>verify=true</arg>
<doc>Create Session: create a HTTP session to a server</doc>
<status status="PASS" start="2024-04-03T14:27:24.538330" elapsed="0.000000"/>
</kw>
<kw name="When I use an inexistent post id to search for the posts comments" owner="apiJsonPlaceholder_steps">
<kw name="Get post Coments ${999999}" owner="apiJsonPlaceholder" source_name="Get post Coments ${postId}">
<kw name="GET On Session" owner="RequestsLibrary">
<msg time="2024-04-03T14:27:25.313993" level="INFO">GET Request : url=https://jsonplaceholder.typicode.com/comments?postId=999999 
 path_url=/comments?postId=999999 
 headers={'User-Agent': 'python-requests/2.31.0', 'Accept-Encoding': 'gzip, deflate', 'Accept': '*/*', 'Connection': 'keep-alive'} 
 body=None 
 </msg>
<msg time="2024-04-03T14:27:25.315000" level="INFO">GET Response : url=https://jsonplaceholder.typicode.com/comments?postId=999999 
 status=200, reason=OK 
 headers={'Date': 'Wed, 03 Apr 2024 17:27:25 GMT', 'Content-Type': 'application/json; charset=utf-8', 'Content-Length': '2', 'Connection': 'keep-alive', 'Report-To': '{"group":"heroku-nel","max_age":3600,"endpoints":[{"url":"https://nel.heroku.com/reports?ts=1712156346&amp;sid=e11707d5-02a7-43ef-b45e-2cf4d2036f7d&amp;s=MUp%2FwKrD8Q6Ff%2FzMs7ORwdODA3jWomg%2F3bB5k6a4QXE%3D"}]}', 'Reporting-Endpoints': 'heroku-nel=https://nel.heroku.com/reports?ts=1712156346&amp;sid=e11707d5-02a7-43ef-b45e-2cf4d2036f7d&amp;s=MUp%2FwKrD8Q6Ff%2FzMs7ORwdODA3jWomg%2F3bB5k6a4QXE%3D', 'Nel': '{"report_to":"heroku-nel","max_age":3600,"success_fraction":0.005,"failure_fraction":0.05,"response_headers":["Via"]}', 'X-Powered-By': 'Express', 'X-Ratelimit-Limit': '1000', 'X-Ratelimit-Remaining': '999', 'X-Ratelimit-Reset': '1712156363', 'Vary': 'Origin, Accept-Encoding', 'Access-Control-Allow-Credentials': 'true', 'Cache-Control': 'max-age=43200', 'Pragma': 'no-cache', 'Expires': '-1', 'X-Content-Type-Options': 'nosniff', 'Etag': 'W/"2-l9Fw4VUO7kr8CvBlt4zaMCqXZ0w"', 'Via': '1.1 vegur', 'CF-Cache-Status': 'HIT', 'Age': '8899', 'Accept-Ranges': 'bytes', 'Server': 'cloudflare', 'CF-RAY': '86eac4efcc0467c6-MIA', 'alt-svc': 'h3=":443"; ma=86400'} 
 body=[] 
 </msg>
<msg time="2024-04-03T14:27:25.315000" level="INFO">${response} = &lt;Response [200]&gt;</msg>
<var>${response}</var>
<arg>jsonplaceholder</arg>
<arg>/comments?postId\=${postId}</arg>
<doc>Sends a GET request on a previously created HTTP Session.</doc>
<status status="PASS" start="2024-04-03T14:27:24.538330" elapsed="0.776670"/>
</kw>
<for flavor="IN">
<iter>
<kw name="Get Regexp Matches" owner="String">
<var>${result}</var>
<arg>${eachComent}[email]</arg>
<arg>^\\w+([\\.-]?\\w+)*@\\w+([\\.-]?\\w+)*(\\.\\w{2,3})+$</arg>
<doc>Returns a list of all non-overlapping matches in the given string.</doc>
<status status="NOT RUN" start="2024-04-03T14:27:25.315994" elapsed="0.000000"/>
</kw>
<if>
<branch type="IF" condition="not ${result}">
<kw name="Log To Console" owner="BuiltIn">
<arg>WARNING!! The Email ${eachComent}[email] From comment ID No. ${postId} is not a valid Email..."</arg>
<doc>Logs the given message to the console.</doc>
<status status="NOT RUN" start="2024-04-03T14:27:25.315994" elapsed="0.000000"/>
</kw>
<status status="NOT RUN" start="2024-04-03T14:27:25.315994" elapsed="0.000000"/>
</branch>
<status status="NOT RUN" start="2024-04-03T14:27:25.315994" elapsed="0.000000"/>
</if>
<var name="${eachComent}"/>
<status status="NOT RUN" start="2024-04-03T14:27:25.315994" elapsed="0.000000"/>
</iter>
<var>${eachComent}</var>
<value>@{response.json()}</value>
<status status="NOT RUN" start="2024-04-03T14:27:25.315000" elapsed="0.000994"/>
</for>
<return>
<value>${response}</value>
<status status="PASS" start="2024-04-03T14:27:25.315994" elapsed="0.000000"/>
</return>
<msg time="2024-04-03T14:27:25.315994" level="INFO">${response} = &lt;Response [200]&gt;</msg>
<var>${response}</var>
<status status="PASS" start="2024-04-03T14:27:24.538330" elapsed="0.778664"/>
</kw>
<kw name="Set Test Variable" owner="BuiltIn">
<msg time="2024-04-03T14:27:25.316994" level="INFO">${response} = &lt;Response [200]&gt;</msg>
<arg>${response}</arg>
<doc>Makes a variable available everywhere within the scope of the current test.</doc>
<status status="PASS" start="2024-04-03T14:27:25.316994" elapsed="0.000000"/>
</kw>
<status status="PASS" start="2024-04-03T14:27:24.538330" elapsed="0.778664"/>
</kw>
<kw name="Then I receive an empty body response" owner="apiJsonPlaceholder_steps">
<kw name="Get Length" owner="BuiltIn">
<msg time="2024-04-03T14:27:25.319287" level="INFO">Length is 0.</msg>
<msg time="2024-04-03T14:27:25.319287" level="INFO">${size} = 0</msg>
<var>${size}</var>
<arg>${response.json()}</arg>
<doc>Returns and logs the length of the given item as an integer.</doc>
<status status="PASS" start="2024-04-03T14:27:25.318280" elapsed="0.001007"/>
</kw>
<kw name="Should Be Equal As Numbers" owner="BuiltIn">
<msg time="2024-04-03T14:27:25.320122" level="INFO">Argument types are:
&lt;class 'int'&gt;
&lt;class 'str'&gt;</msg>
<arg>${size}</arg>
<arg>0</arg>
<doc>Fails if objects are unequal after converting them to real numbers.</doc>
<status status="PASS" start="2024-04-03T14:27:25.320122" elapsed="0.000000"/>
</kw>
<status status="PASS" start="2024-04-03T14:27:25.318280" elapsed="0.001842"/>
</kw>
<tag>teste</tag>
<status status="PASS" start="2024-04-03T14:27:24.538330" elapsed="0.782670"/>
</test>
<status status="PASS" start="2024-04-03T14:27:00.699237" elapsed="24.623216"/>
</suite>
<status status="PASS" start="2024-04-03T14:27:00.667993" elapsed="24.656461"/>
</suite>
<statistics>
<total>
<stat pass="4" fail="0" skip="0">All Tests</stat>
</total>
<tag>
<stat pass="1" fail="0" skip="0">teste</stat>
</tag>
<suite>
<stat pass="4" fail="0" skip="0" id="s1" name="Tests">Tests</stat>
<stat pass="4" fail="0" skip="0" id="s1-s1" name="apiJsonPlaceholder">Tests.apiJsonPlaceholder</stat>
</suite>
</statistics>
<errors>
</errors>
</robot>
